{"C:\\Users\\VE00YM922\\schoolManagementSystem\\database.js": {"path":"C:\\Users\\VE00YM922\\schoolManagementSystem\\database.js","statementMap":{"0":{"start":{"line":1,"column":0},"end":{"line":1,"column":27}},"1":{"start":{"line":2,"column":20},"end":{"line":2,"column":40}},"2":{"start":{"line":4,"column":17},"end":{"line":7,"column":2}},"3":{"start":{"line":8,"column":0},"end":{"line":8,"column":25}}},"fnMap":{},"branchMap":{},"s":{"0":2,"1":2,"2":2,"3":2},"f":{},"b":{},"_coverageSchema":"1a1c01bbd47fc00a2c39e90264f33305004495a9","hash":"4849f8de0d4a3e21efcb08cec36a2ae1f84c9571"}
,"C:\\Users\\VE00YM922\\schoolManagementSystem\\index.js": {"path":"C:\\Users\\VE00YM922\\schoolManagementSystem\\index.js","statementMap":{"0":{"start":{"line":2,"column":18},"end":{"line":2,"column":39}},"1":{"start":{"line":3,"column":16},"end":{"line":3,"column":34}},"2":{"start":{"line":4,"column":22},"end":{"line":4,"column":55}},"3":{"start":{"line":5,"column":21},"end":{"line":5,"column":54}},"4":{"start":{"line":6,"column":22},"end":{"line":6,"column":55}},"5":{"start":{"line":8,"column":0},"end":{"line":8,"column":27}},"6":{"start":{"line":10,"column":13},"end":{"line":10,"column":17}},"7":{"start":{"line":11,"column":12},"end":{"line":11,"column":21}},"8":{"start":{"line":14,"column":0},"end":{"line":14,"column":24}},"9":{"start":{"line":15,"column":0},"end":{"line":15,"column":46}},"10":{"start":{"line":17,"column":0},"end":{"line":17,"column":34}},"11":{"start":{"line":18,"column":0},"end":{"line":18,"column":34}},"12":{"start":{"line":19,"column":0},"end":{"line":19,"column":34}},"13":{"start":{"line":21,"column":0},"end":{"line":29,"column":11}},"14":{"start":{"line":23,"column":12},"end":{"line":25,"column":14}},"15":{"start":{"line":24,"column":16},"end":{"line":24,"column":67}},"16":{"start":{"line":28,"column":12},"end":{"line":28,"column":69}},"17":{"start":{"line":31,"column":0},"end":{"line":31,"column":19}}},"fnMap":{"0":{"name":"(anonymous_0)","decl":{"start":{"line":22,"column":14},"end":{"line":22,"column":15}},"loc":{"start":{"line":22,"column":18},"end":{"line":26,"column":9}},"line":22},"1":{"name":"(anonymous_1)","decl":{"start":{"line":23,"column":35},"end":{"line":23,"column":36}},"loc":{"start":{"line":23,"column":39},"end":{"line":25,"column":13}},"line":23},"2":{"name":"(anonymous_2)","decl":{"start":{"line":27,"column":15},"end":{"line":27,"column":16}},"loc":{"start":{"line":27,"column":24},"end":{"line":29,"column":9}},"line":27}},"branchMap":{},"s":{"0":1,"1":1,"2":1,"3":1,"4":1,"5":1,"6":1,"7":1,"8":1,"9":1,"10":1,"11":1,"12":1,"13":1,"14":1,"15":1,"16":0,"17":1},"f":{"0":1,"1":1,"2":0},"b":{},"_coverageSchema":"1a1c01bbd47fc00a2c39e90264f33305004495a9","hash":"90629fb9840e4b8d8591bd2af61f2d0abba23a86"}
,"C:\\Users\\VE00YM922\\schoolManagementSystem\\controller\\studentController.js": {"path":"C:\\Users\\VE00YM922\\schoolManagementSystem\\controller\\studentController.js","statementMap":{"0":{"start":{"line":1,"column":16},"end":{"line":1,"column":49}},"1":{"start":{"line":4,"column":20},"end":{"line":13,"column":1}},"2":{"start":{"line":5,"column":41},"end":{"line":5,"column":49}},"3":{"start":{"line":6,"column":4},"end":{"line":12,"column":5}},"4":{"start":{"line":7,"column":24},"end":{"line":7,"column":76}},"5":{"start":{"line":8,"column":8},"end":{"line":8,"column":40}},"6":{"start":{"line":10,"column":8},"end":{"line":10,"column":27}},"7":{"start":{"line":11,"column":8},"end":{"line":11,"column":89}},"8":{"start":{"line":15,"column":21},"end":{"line":23,"column":1}},"9":{"start":{"line":16,"column":4},"end":{"line":22,"column":5}},"10":{"start":{"line":17,"column":25},"end":{"line":17,"column":48}},"11":{"start":{"line":18,"column":8},"end":{"line":18,"column":41}},"12":{"start":{"line":20,"column":8},"end":{"line":20,"column":27}},"13":{"start":{"line":21,"column":8},"end":{"line":21,"column":65}},"14":{"start":{"line":25,"column":21},"end":{"line":34,"column":1}},"15":{"start":{"line":26,"column":16},"end":{"line":26,"column":26}},"16":{"start":{"line":27,"column":4},"end":{"line":33,"column":5}},"17":{"start":{"line":28,"column":24},"end":{"line":28,"column":51}},"18":{"start":{"line":29,"column":8},"end":{"line":29,"column":47}},"19":{"start":{"line":31,"column":8},"end":{"line":31,"column":25}},"20":{"start":{"line":32,"column":8},"end":{"line":32,"column":72}},"21":{"start":{"line":36,"column":20},"end":{"line":51,"column":1}},"22":{"start":{"line":37,"column":41},"end":{"line":37,"column":49}},"23":{"start":{"line":38,"column":15},"end":{"line":38,"column":25}},"24":{"start":{"line":39,"column":4},"end":{"line":50,"column":5}},"25":{"start":{"line":40,"column":23},"end":{"line":40,"column":88}},"26":{"start":{"line":41,"column":8},"end":{"line":46,"column":9}},"27":{"start":{"line":42,"column":35},"end":{"line":42,"column":61}},"28":{"start":{"line":43,"column":12},"end":{"line":43,"column":59}},"29":{"start":{"line":45,"column":12},"end":{"line":45,"column":90}},"30":{"start":{"line":48,"column":8},"end":{"line":48,"column":27}},"31":{"start":{"line":49,"column":8},"end":{"line":49,"column":62}},"32":{"start":{"line":53,"column":20},"end":{"line":66,"column":1}},"33":{"start":{"line":54,"column":15},"end":{"line":54,"column":25}},"34":{"start":{"line":55,"column":4},"end":{"line":65,"column":5}},"35":{"start":{"line":56,"column":23},"end":{"line":56,"column":58}},"36":{"start":{"line":57,"column":8},"end":{"line":61,"column":9}},"37":{"start":{"line":58,"column":12},"end":{"line":58,"column":35}},"38":{"start":{"line":60,"column":12},"end":{"line":60,"column":86}},"39":{"start":{"line":63,"column":8},"end":{"line":63,"column":27}},"40":{"start":{"line":64,"column":8},"end":{"line":64,"column":62}},"41":{"start":{"line":68,"column":0},"end":{"line":74,"column":2}}},"fnMap":{"0":{"name":"(anonymous_0)","decl":{"start":{"line":4,"column":20},"end":{"line":4,"column":21}},"loc":{"start":{"line":4,"column":36},"end":{"line":13,"column":1}},"line":4},"1":{"name":"(anonymous_1)","decl":{"start":{"line":15,"column":21},"end":{"line":15,"column":22}},"loc":{"start":{"line":15,"column":37},"end":{"line":23,"column":1}},"line":15},"2":{"name":"(anonymous_2)","decl":{"start":{"line":25,"column":21},"end":{"line":25,"column":22}},"loc":{"start":{"line":25,"column":37},"end":{"line":34,"column":1}},"line":25},"3":{"name":"(anonymous_3)","decl":{"start":{"line":36,"column":20},"end":{"line":36,"column":21}},"loc":{"start":{"line":36,"column":36},"end":{"line":51,"column":1}},"line":36},"4":{"name":"(anonymous_4)","decl":{"start":{"line":53,"column":20},"end":{"line":53,"column":21}},"loc":{"start":{"line":53,"column":36},"end":{"line":66,"column":1}},"line":53}},"branchMap":{"0":{"loc":{"start":{"line":41,"column":8},"end":{"line":46,"column":9}},"type":"if","locations":[{"start":{"line":41,"column":8},"end":{"line":46,"column":9}},{"start":{"line":44,"column":13},"end":{"line":46,"column":9}}],"line":41},"1":{"loc":{"start":{"line":57,"column":8},"end":{"line":61,"column":9}},"type":"if","locations":[{"start":{"line":57,"column":8},"end":{"line":61,"column":9}},{"start":{"line":59,"column":13},"end":{"line":61,"column":9}}],"line":57}},"s":{"0":1,"1":1,"2":1,"3":1,"4":1,"5":1,"6":0,"7":0,"8":1,"9":1,"10":1,"11":1,"12":0,"13":0,"14":1,"15":0,"16":0,"17":0,"18":0,"19":0,"20":0,"21":1,"22":1,"23":1,"24":1,"25":1,"26":1,"27":1,"28":1,"29":0,"30":0,"31":0,"32":1,"33":1,"34":1,"35":1,"36":1,"37":1,"38":0,"39":0,"40":0,"41":1},"f":{"0":1,"1":1,"2":0,"3":1,"4":1},"b":{"0":[1,0],"1":[1,0]},"_coverageSchema":"1a1c01bbd47fc00a2c39e90264f33305004495a9","hash":"5730e3349c41df5c179d270e7723acc3a7d7a6db"}
,"C:\\Users\\VE00YM922\\schoolManagementSystem\\controller\\subjectController.js": {"path":"C:\\Users\\VE00YM922\\schoolManagementSystem\\controller\\subjectController.js","statementMap":{"0":{"start":{"line":1,"column":14},"end":{"line":1,"column":47}},"1":{"start":{"line":3,"column":17},"end":{"line":14,"column":1}},"2":{"start":{"line":4,"column":34},"end":{"line":4,"column":42}},"3":{"start":{"line":5,"column":4},"end":{"line":13,"column":5}},"4":{"start":{"line":6,"column":23},"end":{"line":6,"column":68}},"5":{"start":{"line":7,"column":8},"end":{"line":9,"column":9}},"6":{"start":{"line":8,"column":12},"end":{"line":8,"column":43}},"7":{"start":{"line":11,"column":8},"end":{"line":11,"column":27}},"8":{"start":{"line":12,"column":8},"end":{"line":12,"column":62}},"9":{"start":{"line":16,"column":21},"end":{"line":24,"column":1}},"10":{"start":{"line":17,"column":4},"end":{"line":23,"column":5}},"11":{"start":{"line":18,"column":23},"end":{"line":18,"column":46}},"12":{"start":{"line":19,"column":8},"end":{"line":19,"column":39}},"13":{"start":{"line":21,"column":8},"end":{"line":21,"column":27}},"14":{"start":{"line":22,"column":8},"end":{"line":22,"column":65}},"15":{"start":{"line":26,"column":21},"end":{"line":35,"column":1}},"16":{"start":{"line":27,"column":16},"end":{"line":27,"column":26}},"17":{"start":{"line":28,"column":4},"end":{"line":34,"column":5}},"18":{"start":{"line":29,"column":23},"end":{"line":29,"column":50}},"19":{"start":{"line":30,"column":8},"end":{"line":30,"column":39}},"20":{"start":{"line":32,"column":8},"end":{"line":32,"column":25}},"21":{"start":{"line":33,"column":8},"end":{"line":33,"column":73}},"22":{"start":{"line":37,"column":20},"end":{"line":52,"column":1}},"23":{"start":{"line":38,"column":24},"end":{"line":38,"column":32}},"24":{"start":{"line":39,"column":15},"end":{"line":39,"column":25}},"25":{"start":{"line":40,"column":4},"end":{"line":51,"column":5}},"26":{"start":{"line":41,"column":23},"end":{"line":41,"column":71}},"27":{"start":{"line":42,"column":8},"end":{"line":47,"column":9}},"28":{"start":{"line":43,"column":35},"end":{"line":43,"column":61}},"29":{"start":{"line":44,"column":12},"end":{"line":44,"column":59}},"30":{"start":{"line":46,"column":12},"end":{"line":46,"column":90}},"31":{"start":{"line":49,"column":8},"end":{"line":49,"column":27}},"32":{"start":{"line":50,"column":8},"end":{"line":50,"column":62}},"33":{"start":{"line":54,"column":20},"end":{"line":67,"column":1}},"34":{"start":{"line":55,"column":15},"end":{"line":55,"column":25}},"35":{"start":{"line":56,"column":4},"end":{"line":66,"column":5}},"36":{"start":{"line":57,"column":23},"end":{"line":57,"column":58}},"37":{"start":{"line":58,"column":8},"end":{"line":62,"column":9}},"38":{"start":{"line":59,"column":12},"end":{"line":59,"column":75}},"39":{"start":{"line":61,"column":12},"end":{"line":61,"column":86}},"40":{"start":{"line":64,"column":8},"end":{"line":64,"column":27}},"41":{"start":{"line":65,"column":8},"end":{"line":65,"column":62}},"42":{"start":{"line":69,"column":0},"end":{"line":75,"column":2}}},"fnMap":{"0":{"name":"(anonymous_0)","decl":{"start":{"line":3,"column":17},"end":{"line":3,"column":18}},"loc":{"start":{"line":3,"column":34},"end":{"line":14,"column":1}},"line":3},"1":{"name":"(anonymous_1)","decl":{"start":{"line":16,"column":21},"end":{"line":16,"column":22}},"loc":{"start":{"line":16,"column":37},"end":{"line":24,"column":1}},"line":16},"2":{"name":"(anonymous_2)","decl":{"start":{"line":26,"column":21},"end":{"line":26,"column":22}},"loc":{"start":{"line":26,"column":37},"end":{"line":35,"column":1}},"line":26},"3":{"name":"(anonymous_3)","decl":{"start":{"line":37,"column":20},"end":{"line":37,"column":21}},"loc":{"start":{"line":37,"column":36},"end":{"line":52,"column":1}},"line":37},"4":{"name":"(anonymous_4)","decl":{"start":{"line":54,"column":20},"end":{"line":54,"column":21}},"loc":{"start":{"line":54,"column":36},"end":{"line":67,"column":1}},"line":54}},"branchMap":{"0":{"loc":{"start":{"line":7,"column":8},"end":{"line":9,"column":9}},"type":"if","locations":[{"start":{"line":7,"column":8},"end":{"line":9,"column":9}},{"start":{},"end":{}}],"line":7},"1":{"loc":{"start":{"line":42,"column":8},"end":{"line":47,"column":9}},"type":"if","locations":[{"start":{"line":42,"column":8},"end":{"line":47,"column":9}},{"start":{"line":45,"column":13},"end":{"line":47,"column":9}}],"line":42},"2":{"loc":{"start":{"line":58,"column":8},"end":{"line":62,"column":9}},"type":"if","locations":[{"start":{"line":58,"column":8},"end":{"line":62,"column":9}},{"start":{"line":60,"column":13},"end":{"line":62,"column":9}}],"line":58}},"s":{"0":1,"1":1,"2":0,"3":0,"4":0,"5":0,"6":0,"7":0,"8":0,"9":1,"10":0,"11":0,"12":0,"13":0,"14":0,"15":1,"16":0,"17":0,"18":0,"19":0,"20":0,"21":0,"22":1,"23":0,"24":0,"25":0,"26":0,"27":0,"28":0,"29":0,"30":0,"31":0,"32":0,"33":1,"34":0,"35":0,"36":0,"37":0,"38":0,"39":0,"40":0,"41":0,"42":1},"f":{"0":0,"1":0,"2":0,"3":0,"4":0},"b":{"0":[0,0],"1":[0,0],"2":[0,0]},"_coverageSchema":"1a1c01bbd47fc00a2c39e90264f33305004495a9","hash":"699d4fbccb2f02af84f616e6915f2fb04a2e5fe2"}
,"C:\\Users\\VE00YM922\\schoolManagementSystem\\controller\\teacherController.js": {"path":"C:\\Users\\VE00YM922\\schoolManagementSystem\\controller\\teacherController.js","statementMap":{"0":{"start":{"line":1,"column":16},"end":{"line":1,"column":49}},"1":{"start":{"line":2,"column":20},"end":{"line":11,"column":1}},"2":{"start":{"line":3,"column":39},"end":{"line":3,"column":47}},"3":{"start":{"line":4,"column":4},"end":{"line":10,"column":5}},"4":{"start":{"line":5,"column":23},"end":{"line":5,"column":73}},"5":{"start":{"line":6,"column":8},"end":{"line":6,"column":39}},"6":{"start":{"line":8,"column":8},"end":{"line":8,"column":27}},"7":{"start":{"line":9,"column":8},"end":{"line":9,"column":62}},"8":{"start":{"line":13,"column":21},"end":{"line":25,"column":1}},"9":{"start":{"line":14,"column":4},"end":{"line":24,"column":5}},"10":{"start":{"line":15,"column":23},"end":{"line":15,"column":46}},"11":{"start":{"line":16,"column":8},"end":{"line":20,"column":9}},"12":{"start":{"line":17,"column":12},"end":{"line":17,"column":43}},"13":{"start":{"line":19,"column":12},"end":{"line":19,"column":61}},"14":{"start":{"line":22,"column":8},"end":{"line":22,"column":27}},"15":{"start":{"line":23,"column":8},"end":{"line":23,"column":62}},"16":{"start":{"line":27,"column":20},"end":{"line":44,"column":1}},"17":{"start":{"line":28,"column":39},"end":{"line":28,"column":47}},"18":{"start":{"line":29,"column":17},"end":{"line":29,"column":27}},"19":{"start":{"line":30,"column":4},"end":{"line":43,"column":5}},"20":{"start":{"line":31,"column":23},"end":{"line":31,"column":49}},"21":{"start":{"line":32,"column":8},"end":{"line":39,"column":9}},"22":{"start":{"line":33,"column":35},"end":{"line":33,"column":108}},"23":{"start":{"line":34,"column":12},"end":{"line":38,"column":13}},"24":{"start":{"line":35,"column":16},"end":{"line":35,"column":72}},"25":{"start":{"line":37,"column":16},"end":{"line":37,"column":86}},"26":{"start":{"line":41,"column":8},"end":{"line":41,"column":27}},"27":{"start":{"line":42,"column":8},"end":{"line":42,"column":62}},"28":{"start":{"line":46,"column":21},"end":{"line":60,"column":1}},"29":{"start":{"line":47,"column":15},"end":{"line":47,"column":25}},"30":{"start":{"line":48,"column":4},"end":{"line":59,"column":5}},"31":{"start":{"line":49,"column":23},"end":{"line":49,"column":49}},"32":{"start":{"line":50,"column":8},"end":{"line":55,"column":9}},"33":{"start":{"line":51,"column":12},"end":{"line":51,"column":32}},"34":{"start":{"line":52,"column":12},"end":{"line":52,"column":43}},"35":{"start":{"line":54,"column":12},"end":{"line":54,"column":82}},"36":{"start":{"line":57,"column":8},"end":{"line":57,"column":27}},"37":{"start":{"line":58,"column":8},"end":{"line":58,"column":62}},"38":{"start":{"line":62,"column":20},"end":{"line":75,"column":1}},"39":{"start":{"line":63,"column":17},"end":{"line":63,"column":27}},"40":{"start":{"line":64,"column":4},"end":{"line":74,"column":5}},"41":{"start":{"line":65,"column":23},"end":{"line":65,"column":68}},"42":{"start":{"line":66,"column":8},"end":{"line":70,"column":9}},"43":{"start":{"line":67,"column":12},"end":{"line":67,"column":43}},"44":{"start":{"line":69,"column":12},"end":{"line":69,"column":98}},"45":{"start":{"line":72,"column":8},"end":{"line":72,"column":27}},"46":{"start":{"line":73,"column":8},"end":{"line":73,"column":62}},"47":{"start":{"line":77,"column":0},"end":{"line":83,"column":2}}},"fnMap":{"0":{"name":"(anonymous_0)","decl":{"start":{"line":2,"column":20},"end":{"line":2,"column":21}},"loc":{"start":{"line":2,"column":36},"end":{"line":11,"column":1}},"line":2},"1":{"name":"(anonymous_1)","decl":{"start":{"line":13,"column":21},"end":{"line":13,"column":22}},"loc":{"start":{"line":13,"column":37},"end":{"line":25,"column":1}},"line":13},"2":{"name":"(anonymous_2)","decl":{"start":{"line":27,"column":20},"end":{"line":27,"column":21}},"loc":{"start":{"line":27,"column":36},"end":{"line":44,"column":1}},"line":27},"3":{"name":"(anonymous_3)","decl":{"start":{"line":46,"column":21},"end":{"line":46,"column":22}},"loc":{"start":{"line":46,"column":37},"end":{"line":60,"column":1}},"line":46},"4":{"name":"(anonymous_4)","decl":{"start":{"line":62,"column":20},"end":{"line":62,"column":21}},"loc":{"start":{"line":62,"column":36},"end":{"line":75,"column":1}},"line":62}},"branchMap":{"0":{"loc":{"start":{"line":16,"column":8},"end":{"line":20,"column":9}},"type":"if","locations":[{"start":{"line":16,"column":8},"end":{"line":20,"column":9}},{"start":{"line":18,"column":13},"end":{"line":20,"column":9}}],"line":16},"1":{"loc":{"start":{"line":32,"column":8},"end":{"line":39,"column":9}},"type":"if","locations":[{"start":{"line":32,"column":8},"end":{"line":39,"column":9}},{"start":{},"end":{}}],"line":32},"2":{"loc":{"start":{"line":34,"column":12},"end":{"line":38,"column":13}},"type":"if","locations":[{"start":{"line":34,"column":12},"end":{"line":38,"column":13}},{"start":{"line":36,"column":17},"end":{"line":38,"column":13}}],"line":34},"3":{"loc":{"start":{"line":50,"column":8},"end":{"line":55,"column":9}},"type":"if","locations":[{"start":{"line":50,"column":8},"end":{"line":55,"column":9}},{"start":{"line":53,"column":13},"end":{"line":55,"column":9}}],"line":50},"4":{"loc":{"start":{"line":66,"column":8},"end":{"line":70,"column":9}},"type":"if","locations":[{"start":{"line":66,"column":8},"end":{"line":70,"column":9}},{"start":{"line":68,"column":13},"end":{"line":70,"column":9}}],"line":66}},"s":{"0":1,"1":1,"2":0,"3":0,"4":0,"5":0,"6":0,"7":0,"8":1,"9":0,"10":0,"11":0,"12":0,"13":0,"14":0,"15":0,"16":1,"17":0,"18":0,"19":0,"20":0,"21":0,"22":0,"23":0,"24":0,"25":0,"26":0,"27":0,"28":1,"29":0,"30":0,"31":0,"32":0,"33":0,"34":0,"35":0,"36":0,"37":0,"38":1,"39":0,"40":0,"41":0,"42":0,"43":0,"44":0,"45":0,"46":0,"47":1},"f":{"0":0,"1":0,"2":0,"3":0,"4":0},"b":{"0":[0,0],"1":[0,0],"2":[0,0],"3":[0,0],"4":[0,0]},"_coverageSchema":"1a1c01bbd47fc00a2c39e90264f33305004495a9","hash":"5110561beee5d89d9455d5842e9462d19da76347"}
,"C:\\Users\\VE00YM922\\schoolManagementSystem\\models\\studentModel.js": {"path":"C:\\Users\\VE00YM922\\schoolManagementSystem\\models\\studentModel.js","statementMap":{"0":{"start":{"line":1,"column":19},"end":{"line":1,"column":39}},"1":{"start":{"line":2,"column":16},"end":{"line":2,"column":38}},"2":{"start":{"line":4,"column":14},"end":{"line":27,"column":2}},"3":{"start":{"line":29,"column":0},"end":{"line":32,"column":2}},"4":{"start":{"line":30,"column":4},"end":{"line":30,"column":70}},"5":{"start":{"line":31,"column":4},"end":{"line":31,"column":72}},"6":{"start":{"line":34,"column":0},"end":{"line":34,"column":23}}},"fnMap":{"0":{"name":"(anonymous_0)","decl":{"start":{"line":29,"column":18},"end":{"line":29,"column":19}},"loc":{"start":{"line":29,"column":28},"end":{"line":32,"column":1}},"line":29}},"branchMap":{},"s":{"0":1,"1":1,"2":1,"3":1,"4":0,"5":0,"6":1},"f":{"0":0},"b":{},"_coverageSchema":"1a1c01bbd47fc00a2c39e90264f33305004495a9","hash":"b43346593f2d13ab845a222928ffc9a703cd2fd8"}
,"C:\\Users\\VE00YM922\\schoolManagementSystem\\models\\subjectModel.js": {"path":"C:\\Users\\VE00YM922\\schoolManagementSystem\\models\\subjectModel.js","statementMap":{"0":{"start":{"line":1,"column":18},"end":{"line":1,"column":40}},"1":{"start":{"line":2,"column":18},"end":{"line":2,"column":38}},"2":{"start":{"line":4,"column":15},"end":{"line":14,"column":2}},"3":{"start":{"line":16,"column":0},"end":{"line":19,"column":2}},"4":{"start":{"line":17,"column":4},"end":{"line":17,"column":71}},"5":{"start":{"line":18,"column":4},"end":{"line":18,"column":71}},"6":{"start":{"line":21,"column":0},"end":{"line":21,"column":24}}},"fnMap":{"0":{"name":"(anonymous_0)","decl":{"start":{"line":16,"column":19},"end":{"line":16,"column":20}},"loc":{"start":{"line":16,"column":29},"end":{"line":19,"column":1}},"line":16}},"branchMap":{},"s":{"0":1,"1":1,"2":1,"3":1,"4":0,"5":0,"6":1},"f":{"0":0},"b":{},"_coverageSchema":"1a1c01bbd47fc00a2c39e90264f33305004495a9","hash":"1751206241f7226cc721f5e256aa70a5fa3c118b"}
,"C:\\Users\\VE00YM922\\schoolManagementSystem\\models\\teacherModel.js": {"path":"C:\\Users\\VE00YM922\\schoolManagementSystem\\models\\teacherModel.js","statementMap":{"0":{"start":{"line":1,"column":16},"end":{"line":1,"column":38}},"1":{"start":{"line":2,"column":22},"end":{"line":2,"column":42}},"2":{"start":{"line":4,"column":14},"end":{"line":23,"column":2}},"3":{"start":{"line":25,"column":0},"end":{"line":28,"column":2}},"4":{"start":{"line":26,"column":4},"end":{"line":26,"column":70}},"5":{"start":{"line":27,"column":4},"end":{"line":27,"column":71}},"6":{"start":{"line":30,"column":0},"end":{"line":30,"column":23}}},"fnMap":{"0":{"name":"(anonymous_0)","decl":{"start":{"line":25,"column":18},"end":{"line":25,"column":19}},"loc":{"start":{"line":25,"column":28},"end":{"line":28,"column":1}},"line":25}},"branchMap":{},"s":{"0":1,"1":1,"2":1,"3":1,"4":0,"5":0,"6":1},"f":{"0":0},"b":{},"_coverageSchema":"1a1c01bbd47fc00a2c39e90264f33305004495a9","hash":"bbea080717f0b9162b576a447d2afcafcf78b226"}
,"C:\\Users\\VE00YM922\\schoolManagementSystem\\router\\studentRouter.js": {"path":"C:\\Users\\VE00YM922\\schoolManagementSystem\\router\\studentRouter.js","statementMap":{"0":{"start":{"line":1,"column":14},"end":{"line":1,"column":32}},"1":{"start":{"line":2,"column":15},"end":{"line":2,"column":31}},"2":{"start":{"line":4,"column":25},"end":{"line":4,"column":67}},"3":{"start":{"line":6,"column":0},"end":{"line":6,"column":50}},"4":{"start":{"line":7,"column":0},"end":{"line":7,"column":50}},"5":{"start":{"line":8,"column":0},"end":{"line":8,"column":53}},"6":{"start":{"line":9,"column":0},"end":{"line":9,"column":52}},"7":{"start":{"line":10,"column":0},"end":{"line":10,"column":55}},"8":{"start":{"line":12,"column":0},"end":{"line":12,"column":22}}},"fnMap":{},"branchMap":{},"s":{"0":1,"1":1,"2":1,"3":1,"4":1,"5":1,"6":1,"7":1,"8":1},"f":{},"b":{},"_coverageSchema":"1a1c01bbd47fc00a2c39e90264f33305004495a9","hash":"198d77f9569a46a19dca8aed8de95a31d5d8dfab"}
,"C:\\Users\\VE00YM922\\schoolManagementSystem\\router\\subjectRouter.js": {"path":"C:\\Users\\VE00YM922\\schoolManagementSystem\\router\\subjectRouter.js","statementMap":{"0":{"start":{"line":1,"column":14},"end":{"line":1,"column":32}},"1":{"start":{"line":2,"column":15},"end":{"line":2,"column":31}},"2":{"start":{"line":4,"column":25},"end":{"line":4,"column":67}},"3":{"start":{"line":6,"column":0},"end":{"line":6,"column":50}},"4":{"start":{"line":7,"column":0},"end":{"line":7,"column":47}},"5":{"start":{"line":8,"column":0},"end":{"line":8,"column":53}},"6":{"start":{"line":9,"column":0},"end":{"line":9,"column":52}},"7":{"start":{"line":10,"column":0},"end":{"line":10,"column":55}},"8":{"start":{"line":12,"column":0},"end":{"line":12,"column":22}}},"fnMap":{},"branchMap":{},"s":{"0":1,"1":1,"2":1,"3":1,"4":1,"5":1,"6":1,"7":1,"8":1},"f":{},"b":{},"_coverageSchema":"1a1c01bbd47fc00a2c39e90264f33305004495a9","hash":"1561bc2ee11a8d30b00f9e089822e750c929ca4e"}
,"C:\\Users\\VE00YM922\\schoolManagementSystem\\router\\teacherRouter.js": {"path":"C:\\Users\\VE00YM922\\schoolManagementSystem\\router\\teacherRouter.js","statementMap":{"0":{"start":{"line":1,"column":26},"end":{"line":1,"column":68}},"1":{"start":{"line":2,"column":14},"end":{"line":2,"column":32}},"2":{"start":{"line":3,"column":15},"end":{"line":3,"column":31}},"3":{"start":{"line":6,"column":0},"end":{"line":6,"column":49}},"4":{"start":{"line":7,"column":0},"end":{"line":7,"column":52}},"5":{"start":{"line":8,"column":0},"end":{"line":8,"column":49}},"6":{"start":{"line":9,"column":0},"end":{"line":9,"column":51}},"7":{"start":{"line":10,"column":0},"end":{"line":10,"column":54}},"8":{"start":{"line":12,"column":0},"end":{"line":12,"column":22}}},"fnMap":{},"branchMap":{},"s":{"0":1,"1":1,"2":1,"3":1,"4":1,"5":1,"6":1,"7":1,"8":1},"f":{},"b":{},"_coverageSchema":"1a1c01bbd47fc00a2c39e90264f33305004495a9","hash":"3ac04f1397e98b64d578e1b9a0243e9f8e628392"}
,"C:\\Users\\VE00YM922\\schoolManagementSystem\\testingCodes\\api.js": {"path":"C:\\Users\\VE00YM922\\schoolManagementSystem\\testingCodes\\api.js","statementMap":{"0":{"start":{"line":1,"column":14},"end":{"line":1,"column":35}},"1":{"start":{"line":3,"column":14},"end":{"line":6,"column":1}},"2":{"start":{"line":4,"column":21},"end":{"line":4,"column":88}},"3":{"start":{"line":5,"column":4},"end":{"line":5,"column":27}},"4":{"start":{"line":8,"column":0},"end":{"line":8,"column":27}}},"fnMap":{"0":{"name":"(anonymous_0)","decl":{"start":{"line":3,"column":14},"end":{"line":3,"column":15}},"loc":{"start":{"line":3,"column":29},"end":{"line":6,"column":1}},"line":3}},"branchMap":{},"s":{"0":1,"1":1,"2":1,"3":1,"4":1},"f":{"0":1},"b":{},"_coverageSchema":"1a1c01bbd47fc00a2c39e90264f33305004495a9","hash":"3a8347397f1614294225b0da6168abb213e7bd86"}
,"C:\\Users\\VE00YM922\\schoolManagementSystem\\testingCodes\\app.js": {"path":"C:\\Users\\VE00YM922\\schoolManagementSystem\\testingCodes\\app.js","statementMap":{"0":{"start":{"line":1,"column":20},"end":{"line":1,"column":39}},"1":{"start":{"line":3,"column":4},"end":{"line":3,"column":45}},"2":{"start":{"line":5,"column":0},"end":{"line":5,"column":29}}},"fnMap":{"0":{"name":"performAction","decl":{"start":{"line":2,"column":9},"end":{"line":2,"column":22}},"loc":{"start":{"line":2,"column":30},"end":{"line":4,"column":1}},"line":2}},"branchMap":{},"s":{"0":1,"1":1,"2":1},"f":{"0":1},"b":{},"_coverageSchema":"1a1c01bbd47fc00a2c39e90264f33305004495a9","hash":"363ea5dcf41f86c5ee1d8181e3a11a08e8b336d3"}
,"C:\\Users\\VE00YM922\\schoolManagementSystem\\testingCodes\\logger.js": {"path":"C:\\Users\\VE00YM922\\schoolManagementSystem\\testingCodes\\logger.js","statementMap":{"0":{"start":{"line":1,"column":18},"end":{"line":3,"column":1}},"1":{"start":{"line":2,"column":4},"end":{"line":2,"column":26}},"2":{"start":{"line":5,"column":0},"end":{"line":5,"column":29}}},"fnMap":{"0":{"name":"(anonymous_0)","decl":{"start":{"line":1,"column":18},"end":{"line":1,"column":19}},"loc":{"start":{"line":1,"column":30},"end":{"line":3,"column":1}},"line":1}},"branchMap":{},"s":{"0":1,"1":0,"2":1},"f":{"0":0},"b":{},"_coverageSchema":"1a1c01bbd47fc00a2c39e90264f33305004495a9","hash":"dc07480ce23619c1882391d2042ae26985b76ebe"}
,"C:\\Users\\VE00YM922\\schoolManagementSystem\\testingCodes\\sum.js": {"path":"C:\\Users\\VE00YM922\\schoolManagementSystem\\testingCodes\\sum.js","statementMap":{"0":{"start":{"line":1,"column":10},"end":{"line":3,"column":1}},"1":{"start":{"line":2,"column":4},"end":{"line":2,"column":15}},"2":{"start":{"line":4,"column":0},"end":{"line":4,"column":19}}},"fnMap":{"0":{"name":"(anonymous_0)","decl":{"start":{"line":1,"column":10},"end":{"line":1,"column":11}},"loc":{"start":{"line":1,"column":17},"end":{"line":3,"column":1}},"line":1}},"branchMap":{},"s":{"0":1,"1":3,"2":1},"f":{"0":3},"b":{},"_coverageSchema":"1a1c01bbd47fc00a2c39e90264f33305004495a9","hash":"ab5389b84401cb7d3af510c25d764b0c2b9d9593"}
,"C:\\Users\\VE00YM922\\schoolManagementSystem\\testingCodes\\user.js": {"path":"C:\\Users\\VE00YM922\\schoolManagementSystem\\testingCodes\\user.js","statementMap":{"0":{"start":{"line":1,"column":16},"end":{"line":9,"column":1}},"1":{"start":{"line":2,"column":4},"end":{"line":8,"column":6}},"2":{"start":{"line":3,"column":8},"end":{"line":7,"column":9}},"3":{"start":{"line":4,"column":12},"end":{"line":4,"column":41}},"4":{"start":{"line":6,"column":12},"end":{"line":6,"column":37}},"5":{"start":{"line":11,"column":0},"end":{"line":11,"column":25}}},"fnMap":{"0":{"name":"(anonymous_0)","decl":{"start":{"line":1,"column":16},"end":{"line":1,"column":17}},"loc":{"start":{"line":1,"column":22},"end":{"line":9,"column":1}},"line":1},"1":{"name":"(anonymous_1)","decl":{"start":{"line":2,"column":23},"end":{"line":2,"column":24}},"loc":{"start":{"line":2,"column":41},"end":{"line":8,"column":5}},"line":2}},"branchMap":{"0":{"loc":{"start":{"line":3,"column":8},"end":{"line":7,"column":9}},"type":"if","locations":[{"start":{"line":3,"column":8},"end":{"line":7,"column":9}},{"start":{"line":5,"column":13},"end":{"line":7,"column":9}}],"line":3}},"s":{"0":1,"1":4,"2":4,"3":2,"4":2,"5":1},"f":{"0":4,"1":4},"b":{"0":[2,2]},"_coverageSchema":"1a1c01bbd47fc00a2c39e90264f33305004495a9","hash":"388a728ff1e357921babd983dd6a2961ca782ebd"}
,"C:\\Users\\VE00YM922\\schoolManagementSystem\\testingCodes\\userCallback.js": {"path":"C:\\Users\\VE00YM922\\schoolManagementSystem\\testingCodes\\userCallback.js","statementMap":{"0":{"start":{"line":1,"column":28},"end":{"line":5,"column":1}},"1":{"start":{"line":2,"column":4},"end":{"line":4,"column":12}},"2":{"start":{"line":3,"column":8},"end":{"line":3,"column":73}},"3":{"start":{"line":7,"column":0},"end":{"line":7,"column":42}}},"fnMap":{"0":{"name":"(anonymous_0)","decl":{"start":{"line":1,"column":28},"end":{"line":1,"column":29}},"loc":{"start":{"line":1,"column":40},"end":{"line":5,"column":1}},"line":1},"1":{"name":"(anonymous_1)","decl":{"start":{"line":2,"column":15},"end":{"line":2,"column":16}},"loc":{"start":{"line":2,"column":19},"end":{"line":4,"column":5}},"line":2}},"branchMap":{"0":{"loc":{"start":{"line":3,"column":8},"end":{"line":3,"column":72}},"type":"cond-expr","locations":[{"start":{"line":3,"column":17},"end":{"line":3,"column":47}},{"start":{"line":3,"column":50},"end":{"line":3,"column":72}}],"line":3}},"s":{"0":1,"1":2,"2":2,"3":1},"f":{"0":2,"1":2},"b":{"0":[1,1]},"_coverageSchema":"1a1c01bbd47fc00a2c39e90264f33305004495a9","hash":"dcd365adc2709b9f103fb4910060f8ec30069452"}
}
